<?xml version="1.0" encoding="UTF-8"?>
<testsuite xmlns:xsi="http://www.w3.org/2001/XMLSchema-instance" xsi:noNamespaceSchemaLocation="https://maven.apache.org/surefire/maven-surefire-plugin/xsd/surefire-test-report-3.0.xsd" version="3.0" name="kg.kamalov_gateway.ApiGatewayApplicationTests" time="5.827" tests="1" errors="0" skipped="0" failures="0">
  <properties>
[...]
</properties>
  <testcase name="contextLoads" classname="kg.kamalov_gateway.ApiGatewayApplicationTests" time="1.214">
    <system-out><![CDATA[18:05:34.287 [main] INFO org.springframework.test.context.support.AnnotationConfigContextLoaderUtils -- Could not detect default configuration classes for test class [kg.kamalov_gateway.ApiGatewayApplicationTests]: ApiGatewayApplicationTests does not declare any static, non-private, non-final, nested classes annotated with @Configuration.
18:05:34.431 [main] INFO org.springframework.boot.test.context.SpringBootTestContextBootstrapper -- Found @SpringBootConfiguration kg.kamalov_gateway.ApiGatewayApplication for test class kg.kamalov_gateway.ApiGatewayApplicationTests

  .   ____          _            __ _ _
 /\\ / ___'_ __ _ _(_)_ __  __ _ \ \ \ \
( ( )\___ | '_ | '_| | '_ \/ _` | \ \ \ \
 \\/  ___)| |_)| | | | | || (_| |  ) ) ) )
  '  |____| .__|_| |_|_| |_\__, | / / / /
 =========|_|==============|___/=/_/_/_/
 :: Spring Boot ::                (v3.2.4)

2024-04-02T18:05:35.385+03:00  INFO 5096 --- [           main] k.k.ApiGatewayApplicationTests           : Starting ApiGatewayApplicationTests using Java 17.0.10 with PID 5096 (started by rocki in C:\Users\rocki\IdeaProjects\SAT\api-gateway)
2024-04-02T18:05:35.387+03:00  INFO 5096 --- [           main] k.k.ApiGatewayApplicationTests           : No active profile set, falling back to 1 default profile: "default"
2024-04-02T18:05:36.637+03:00  INFO 5096 --- [           main] o.s.cloud.context.scope.GenericScope     : BeanFactory id=c83bc470-bcf9-33da-bc5f-78153c63e88f
2024-04-02T18:05:38.040+03:00  INFO 5096 --- [           main] o.s.c.g.r.RouteDefinitionRouteLocator    : Loaded RoutePredicateFactory [After]
2024-04-02T18:05:38.041+03:00  INFO 5096 --- [           main] o.s.c.g.r.RouteDefinitionRouteLocator    : Loaded RoutePredicateFactory [Before]
2024-04-02T18:05:38.041+03:00  INFO 5096 --- [           main] o.s.c.g.r.RouteDefinitionRouteLocator    : Loaded RoutePredicateFactory [Between]
2024-04-02T18:05:38.041+03:00  INFO 5096 --- [           main] o.s.c.g.r.RouteDefinitionRouteLocator    : Loaded RoutePredicateFactory [Cookie]
2024-04-02T18:05:38.041+03:00  INFO 5096 --- [           main] o.s.c.g.r.RouteDefinitionRouteLocator    : Loaded RoutePredicateFactory [Header]
2024-04-02T18:05:38.041+03:00  INFO 5096 --- [           main] o.s.c.g.r.RouteDefinitionRouteLocator    : Loaded RoutePredicateFactory [Host]
2024-04-02T18:05:38.041+03:00  INFO 5096 --- [           main] o.s.c.g.r.RouteDefinitionRouteLocator    : Loaded RoutePredicateFactory [Method]
2024-04-02T18:05:38.041+03:00  INFO 5096 --- [           main] o.s.c.g.r.RouteDefinitionRouteLocator    : Loaded RoutePredicateFactory [Path]
2024-04-02T18:05:38.041+03:00  INFO 5096 --- [           main] o.s.c.g.r.RouteDefinitionRouteLocator    : Loaded RoutePredicateFactory [Query]
2024-04-02T18:05:38.042+03:00  INFO 5096 --- [           main] o.s.c.g.r.RouteDefinitionRouteLocator    : Loaded RoutePredicateFactory [ReadBody]
2024-04-02T18:05:38.042+03:00  INFO 5096 --- [           main] o.s.c.g.r.RouteDefinitionRouteLocator    : Loaded RoutePredicateFactory [RemoteAddr]
2024-04-02T18:05:38.042+03:00  INFO 5096 --- [           main] o.s.c.g.r.RouteDefinitionRouteLocator    : Loaded RoutePredicateFactory [XForwardedRemoteAddr]
2024-04-02T18:05:38.042+03:00  INFO 5096 --- [           main] o.s.c.g.r.RouteDefinitionRouteLocator    : Loaded RoutePredicateFactory [Weight]
2024-04-02T18:05:38.043+03:00  INFO 5096 --- [           main] o.s.c.g.r.RouteDefinitionRouteLocator    : Loaded RoutePredicateFactory [CloudFoundryRouteService]
2024-04-02T18:05:38.639+03:00  INFO 5096 --- [           main] k.k.ApiGatewayApplicationTests           : Started ApiGatewayApplicationTests in 3.952 seconds (process running for 5.488)
]]></system-out>
  </testcase>
</testsuite>